<?xml version="1.0" encoding="UTF-8"?>
<!-- Generated by org.testng.reporters.JUnitReportReporter -->
<testsuite hostname="kartikey" failures="0" tests="3" name="runner.runner" time="9.483" errors="0" timestamp="2026-01-11T13:58:26 IST" skipped="0">
  <testcase classname="runner.runner" name="runScenario" time="2.744"/>
  <testcase classname="runner.runner" name="runScenario" time="2.342"/>
  <testcase classname="runner.runner" name="runScenario" time="4.397"/>
</testsuite> <!-- runner.runner -->
